[debug] [2025-05-28T22:46:29.242Z] ----------------------------------------------------------------------
[debug] [2025-05-28T22:46:29.247Z] Command:       C:\Program Files\nodejs\node.exe C:\Users\ganno\AppData\Roaming\npm\node_modules\firebase-tools\lib\bin\firebase.js init
[debug] [2025-05-28T22:46:29.247Z] CLI Version:   14.4.0
[debug] [2025-05-28T22:46:29.247Z] Platform:      win32
[debug] [2025-05-28T22:46:29.247Z] Node Version:  v22.15.0
[debug] [2025-05-28T22:46:29.247Z] Time:          Wed May 28 2025 23:46:29 GMT+0100 (heure normale d’Europe centrale)
[debug] [2025-05-28T22:46:29.248Z] ----------------------------------------------------------------------
[debug] 
[debug] [2025-05-28T22:46:29.257Z] > command requires scopes: ["email","openid","https://www.googleapis.com/auth/cloudplatformprojects.readonly","https://www.googleapis.com/auth/firebase","https://www.googleapis.com/auth/cloud-platform"]
[debug] [2025-05-28T22:46:29.257Z] > authorizing via signed-in user (mohamedamine.gannouni@ensi-uma.tn)
[info] 
     ######## #### ########  ######## ########     ###     ######  ########
     ##        ##  ##     ## ##       ##     ##  ##   ##  ##       ##
     ######    ##  ########  ######   ########  #########  ######  ######
     ##        ##  ##    ##  ##       ##     ## ##     ##       ## ##
     ##       #### ##     ## ######## ########  ##     ##  ######  ########

You're about to initialize a Firebase project in this directory:

  C:\Users\ganno\Desktop\cv\portf

[info] 
=== Project Setup
[info] 
[info] First, let's associate this project directory with a Firebase project.
[info] You can create multiple project aliases by running firebase use --add, 
[info] but for now we'll just set up a default project.
[info] 
[debug] [2025-05-28T22:47:04.300Z] Checked if tokens are valid: true, expires at: 1748475390757
[debug] [2025-05-28T22:47:04.300Z] Checked if tokens are valid: true, expires at: 1748475390757
[debug] [2025-05-28T22:47:04.302Z] >>> [apiv2][query] GET https://firebase.googleapis.com/v1beta1/projects pageSize=100
[debug] [2025-05-28T22:47:04.937Z] <<< [apiv2][status] GET https://firebase.googleapis.com/v1beta1/projects 200
[debug] [2025-05-28T22:47:04.937Z] <<< [apiv2][body] GET https://firebase.googleapis.com/v1beta1/projects [omitted]
[debug] [2025-05-28T22:47:16.347Z] ExitPromptError: User force closed the prompt with SIGINT
    at Interface.sigint (C:\Users\ganno\AppData\Roaming\npm\node_modules\firebase-tools\node_modules\@inquirer\core\dist\commonjs\lib\create-prompt.js:101:37)
    at Interface.emit (node:events:518:28)
    at Interface.emit (node:domain:489:12)
    at [_ttyWrite] [as _ttyWrite] (node:internal/readline/interface:1128:18)
    at ReadStream.onkeypress (node:internal/readline/interface:267:20)
    at ReadStream.emit (node:events:530:35)
    at ReadStream.emit (node:domain:489:12)
    at emitKeys (node:internal/readline/utils:370:14)
    at emitKeys.next (<anonymous>)
    at ReadStream.onData (node:internal/readline/emitKeypressEvents:64:36)
[error] 
[error] Error: An unexpected error has occurred.
[debug] [2025-05-28T22:47:22.171Z] ----------------------------------------------------------------------
[debug] [2025-05-28T22:47:22.176Z] Command:       C:\Program Files\nodejs\node.exe C:\Users\ganno\AppData\Roaming\npm\node_modules\firebase-tools\lib\bin\firebase.js init
[debug] [2025-05-28T22:47:22.181Z] CLI Version:   14.4.0
[debug] [2025-05-28T22:47:22.181Z] Platform:      win32
[debug] [2025-05-28T22:47:22.181Z] Node Version:  v22.15.0
[debug] [2025-05-28T22:47:22.181Z] Time:          Wed May 28 2025 23:47:22 GMT+0100 (heure normale d’Europe centrale)
[debug] [2025-05-28T22:47:22.181Z] ----------------------------------------------------------------------
[debug] 
[debug] [2025-05-28T22:47:22.186Z] > command requires scopes: ["email","openid","https://www.googleapis.com/auth/cloudplatformprojects.readonly","https://www.googleapis.com/auth/firebase","https://www.googleapis.com/auth/cloud-platform"]
[debug] [2025-05-28T22:47:22.186Z] > authorizing via signed-in user (mohamedamine.gannouni@ensi-uma.tn)
[info] 
     ######## #### ########  ######## ########     ###     ######  ########
     ##        ##  ##     ## ##       ##     ##  ##   ##  ##       ##
     ######    ##  ########  ######   ########  #########  ######  ######
     ##        ##  ##    ##  ##       ##     ## ##     ##       ## ##
     ##       #### ##     ## ######## ########  ##     ##  ######  ########

You're about to initialize a Firebase project in this directory:

  C:\Users\ganno\Desktop\cv\portf

[info] 
=== Project Setup
[info] 
[info] First, let's associate this project directory with a Firebase project.
[info] You can create multiple project aliases by running firebase use --add, 
[info] but for now we'll just set up a default project.
[info] 
[info] i  If you want to create a project in a Google Cloud organization or folder, please use "firebase projects:create" instead, and return to this command when you've created the project. 
[debug] [2025-05-28T22:48:35.522Z] Checked if tokens are valid: true, expires at: 1748475390757
[debug] [2025-05-28T22:48:35.522Z] Checked if tokens are valid: true, expires at: 1748475390757
[debug] [2025-05-28T22:48:35.523Z] >>> [apiv2][query] POST https://cloudresourcemanager.googleapis.com/v1/projects [none]
[debug] [2025-05-28T22:48:35.523Z] >>> [apiv2][body] POST https://cloudresourcemanager.googleapis.com/v1/projects {"projectId":"Portfolio","name":"portfolio"}
[debug] [2025-05-28T22:48:35.996Z] <<< [apiv2][status] POST https://cloudresourcemanager.googleapis.com/v1/projects 400
[debug] [2025-05-28T22:48:35.996Z] <<< [apiv2][body] POST https://cloudresourcemanager.googleapis.com/v1/projects {"error":{"code":400,"message":"field [project_id] has issue [project_id contains invalid characters]","status":"INVALID_ARGUMENT","details":[{"@type":"type.googleapis.com/google.rpc.BadRequest","fieldViolations":[{"field":"project_id","description":"project_id contains invalid characters"}]},{"@type":"type.googleapis.com/google.rpc.Help","links":[{"url":"https://cloud.google.com/resource-manager/reference/rest/v1/projects"}]}]}}
[debug] [2025-05-28T22:48:36.148Z] FirebaseError: Request to https://cloudresourcemanager.googleapis.com/v1/projects had HTTP Error: 400, field [project_id] has issue [project_id contains invalid characters]
    at responseToError (C:\Users\ganno\AppData\Roaming\npm\node_modules\firebase-tools\lib\responseToError.js:52:12)
    at RetryOperation._fn (C:\Users\ganno\AppData\Roaming\npm\node_modules\firebase-tools\lib\apiv2.js:312:77)
    at process.processTicksAndRejections (node:internal/process/task_queues:105:5)
[error] 
[error] Error: Failed to create project. See firebase-debug.log for more info.
